  pch.cpp
  CClientSocket.cpp
D:\c++\project\remote_ctl\remote_ctl1\remote_ctl\remote_ctl\RemoteCtrl\RemoteClient\CClientSocket.cpp(88,14): warning C4305: “参数”: 从“int”到“_Elem”截断
D:\c++\project\remote_ctl\remote_ctl1\remote_ctl\remote_ctl\RemoteCtrl\RemoteClient\CClientSocket.cpp(88,14): warning C4305:         with
D:\c++\project\remote_ctl\remote_ctl1\remote_ctl\remote_ctl\RemoteCtrl\RemoteClient\CClientSocket.cpp(88,14): warning C4305:         [
D:\c++\project\remote_ctl\remote_ctl1\remote_ctl\remote_ctl\RemoteCtrl\RemoteClient\CClientSocket.cpp(88,14): warning C4305:             _Elem=char
D:\c++\project\remote_ctl\remote_ctl1\remote_ctl\remote_ctl\RemoteCtrl\RemoteClient\CClientSocket.cpp(88,14): warning C4305:         ]
  (编译源文件“/CClientSocket.cpp”)
  
D:\c++\project\remote_ctl\remote_ctl1\remote_ctl\remote_ctl\RemoteCtrl\RemoteClient\CClientSocket.cpp(88,14): warning C4309: “参数”: 截断常量值
  (编译源文件“/CClientSocket.cpp”)
  
  ClientController.cpp
D:\c++\project\remote_ctl\remote_ctl1\remote_ctl\remote_ctl\RemoteCtrl\RemoteClient\EdoyunTool.h(16,27): warning C4305: “参数”: 从“int”到“_Elem”截断
D:\c++\project\remote_ctl\remote_ctl1\remote_ctl\remote_ctl\RemoteCtrl\RemoteClient\EdoyunTool.h(16,27): warning C4305:         with
D:\c++\project\remote_ctl\remote_ctl1\remote_ctl\remote_ctl\RemoteCtrl\RemoteClient\EdoyunTool.h(16,27): warning C4305:         [
D:\c++\project\remote_ctl\remote_ctl1\remote_ctl\remote_ctl\RemoteCtrl\RemoteClient\EdoyunTool.h(16,27): warning C4305:             _Elem=char
D:\c++\project\remote_ctl\remote_ctl1\remote_ctl\remote_ctl\RemoteCtrl\RemoteClient\EdoyunTool.h(16,27): warning C4305:         ]
  (编译源文件“/ClientController.cpp”)
  
D:\c++\project\remote_ctl\remote_ctl1\remote_ctl\remote_ctl\RemoteCtrl\RemoteClient\EdoyunTool.h(16,27): warning C4309: “参数”: 截断常量值
  (编译源文件“/ClientController.cpp”)
  
  CWatchDialog.cpp
D:\c++\project\remote_ctl\remote_ctl1\remote_ctl\remote_ctl\RemoteCtrl\RemoteClient\CClientSocket.h(11,9): warning C4005: “WM_SEND_PACK_ACK”: 宏重定义
  (编译源文件“/CWatchDialog.cpp”)
      D:\c++\project\remote_ctl\remote_ctl1\remote_ctl\remote_ctl\RemoteCtrl\RemoteClient\CWatchDialog.h(4,9):
      参见“WM_SEND_PACK_ACK”的前一个定义
  
D:\c++\project\remote_ctl\remote_ctl1\remote_ctl\remote_ctl\RemoteCtrl\RemoteClient\EdoyunTool.h(16,27): warning C4305: “参数”: 从“int”到“_Elem”截断
D:\c++\project\remote_ctl\remote_ctl1\remote_ctl\remote_ctl\RemoteCtrl\RemoteClient\EdoyunTool.h(16,27): warning C4305:         with
D:\c++\project\remote_ctl\remote_ctl1\remote_ctl\remote_ctl\RemoteCtrl\RemoteClient\EdoyunTool.h(16,27): warning C4305:         [
D:\c++\project\remote_ctl\remote_ctl1\remote_ctl\remote_ctl\RemoteCtrl\RemoteClient\EdoyunTool.h(16,27): warning C4305:             _Elem=char
D:\c++\project\remote_ctl\remote_ctl1\remote_ctl\remote_ctl\RemoteCtrl\RemoteClient\EdoyunTool.h(16,27): warning C4305:         ]
  (编译源文件“/CWatchDialog.cpp”)
  
D:\c++\project\remote_ctl\remote_ctl1\remote_ctl\remote_ctl\RemoteCtrl\RemoteClient\EdoyunTool.h(16,27): warning C4309: “参数”: 截断常量值
  (编译源文件“/CWatchDialog.cpp”)
  
  RemoteClient.cpp
D:\c++\project\remote_ctl\remote_ctl1\remote_ctl\remote_ctl\RemoteCtrl\RemoteClient\EdoyunTool.h(16,27): warning C4305: “参数”: 从“int”到“_Elem”截断
D:\c++\project\remote_ctl\remote_ctl1\remote_ctl\remote_ctl\RemoteCtrl\RemoteClient\EdoyunTool.h(16,27): warning C4305:         with
D:\c++\project\remote_ctl\remote_ctl1\remote_ctl\remote_ctl\RemoteCtrl\RemoteClient\EdoyunTool.h(16,27): warning C4305:         [
D:\c++\project\remote_ctl\remote_ctl1\remote_ctl\remote_ctl\RemoteCtrl\RemoteClient\EdoyunTool.h(16,27): warning C4305:             _Elem=char
D:\c++\project\remote_ctl\remote_ctl1\remote_ctl\remote_ctl\RemoteCtrl\RemoteClient\EdoyunTool.h(16,27): warning C4305:         ]
  (编译源文件“/RemoteClient.cpp”)
  
D:\c++\project\remote_ctl\remote_ctl1\remote_ctl\remote_ctl\RemoteCtrl\RemoteClient\EdoyunTool.h(16,27): warning C4309: “参数”: 截断常量值
  (编译源文件“/RemoteClient.cpp”)
  
  RemoteClientDlg.cpp
D:\c++\project\remote_ctl\remote_ctl1\remote_ctl\remote_ctl\RemoteCtrl\RemoteClient\CClientSocket.h(11,9): warning C4005: “WM_SEND_PACK_ACK”: 宏重定义
  (编译源文件“/RemoteClientDlg.cpp”)
      D:\c++\project\remote_ctl\remote_ctl1\remote_ctl\remote_ctl\RemoteCtrl\RemoteClient\RemoteClientDlg.h(8,9):
      参见“WM_SEND_PACK_ACK”的前一个定义
  
D:\c++\project\remote_ctl\remote_ctl1\remote_ctl\remote_ctl\RemoteCtrl\RemoteClient\EdoyunTool.h(16,27): warning C4305: “参数”: 从“int”到“_Elem”截断
D:\c++\project\remote_ctl\remote_ctl1\remote_ctl\remote_ctl\RemoteCtrl\RemoteClient\EdoyunTool.h(16,27): warning C4305:         with
D:\c++\project\remote_ctl\remote_ctl1\remote_ctl\remote_ctl\RemoteCtrl\RemoteClient\EdoyunTool.h(16,27): warning C4305:         [
D:\c++\project\remote_ctl\remote_ctl1\remote_ctl\remote_ctl\RemoteCtrl\RemoteClient\EdoyunTool.h(16,27): warning C4305:             _Elem=char
D:\c++\project\remote_ctl\remote_ctl1\remote_ctl\remote_ctl\RemoteCtrl\RemoteClient\EdoyunTool.h(16,27): warning C4305:         ]
  (编译源文件“/RemoteClientDlg.cpp”)
  
D:\c++\project\remote_ctl\remote_ctl1\remote_ctl\remote_ctl\RemoteCtrl\RemoteClient\EdoyunTool.h(16,27): warning C4309: “参数”: 截断常量值
  (编译源文件“/RemoteClientDlg.cpp”)
  
  StatusDlg.cpp
  正在生成代码...
  RemoteClient.vcxproj -> D:\c++\project\remote_ctl\remote_ctl1\remote_ctl\remote_ctl\RemoteCtrl\Debug\RemoteClient.exe
