  RemoteCtrl.cpp
D:\c++\project\remote_ctl\remote_ctl\RemoteCtrl\RemoteCtrl\ServerSocket.h(16,19): warning C4267: “=”: 从“size_t”转换到“DWORD”，可能丢失数据
  (编译源文件“/RemoteCtrl.cpp”)
  
D:\c++\project\remote_ctl\remote_ctl\RemoteCtrl\RemoteCtrl\ServerSocket.h(207,60): warning C4267: “参数”: 从“size_t”转换到“int”，可能丢失数据
  (编译源文件“/RemoteCtrl.cpp”)
  
D:\c++\project\remote_ctl\remote_ctl\RemoteCtrl\RemoteCtrl\ServerSocket.h(228,32): warning C4267: “参数”: 从“size_t”转换到“int”，可能丢失数据
  (编译源文件“/RemoteCtrl.cpp”)
  
D:\c++\project\remote_ctl\remote_ctl\RemoteCtrl\RemoteCtrl\RemoteCtrl.cpp(27,23): warning C4305: “参数”: 从“int”到“_Elem”截断
D:\c++\project\remote_ctl\remote_ctl\RemoteCtrl\RemoteCtrl\RemoteCtrl.cpp(27,23): warning C4305:         with
D:\c++\project\remote_ctl\remote_ctl\RemoteCtrl\RemoteCtrl\RemoteCtrl.cpp(27,23): warning C4305:         [
D:\c++\project\remote_ctl\remote_ctl\RemoteCtrl\RemoteCtrl\RemoteCtrl.cpp(27,23): warning C4305:             _Elem=char
D:\c++\project\remote_ctl\remote_ctl\RemoteCtrl\RemoteCtrl\RemoteCtrl.cpp(27,23): warning C4305:         ]
  (编译源文件“/RemoteCtrl.cpp”)
  
D:\c++\project\remote_ctl\remote_ctl\RemoteCtrl\RemoteCtrl\RemoteCtrl.cpp(27,23): warning C4309: “参数”: 截断常量值
  (编译源文件“/RemoteCtrl.cpp”)
  
D:\c++\project\remote_ctl\remote_ctl\RemoteCtrl\RemoteCtrl\RemoteCtrl.cpp(96,28): warning C4244: “=”: 从“intptr_t”转换到“int”，可能丢失数据
  (编译源文件“/RemoteCtrl.cpp”)
  
D:\c++\project\remote_ctl\remote_ctl\RemoteCtrl\RemoteCtrl\RemoteCtrl.cpp(194,20): warning C4552: ”!=“: 未使用表达式结果
  (编译源文件“/RemoteCtrl.cpp”)
  
D:\c++\project\remote_ctl\remote_ctl\RemoteCtrl\RemoteCtrl\RemoteCtrl.cpp(197,20): warning C4552: ”!=“: 未使用表达式结果
  (编译源文件“/RemoteCtrl.cpp”)
  
D:\c++\project\remote_ctl\remote_ctl\RemoteCtrl\RemoteCtrl\RemoteCtrl.cpp(200,20): warning C4552: ”!=“: 未使用表达式结果
  (编译源文件“/RemoteCtrl.cpp”)
  
  ServerSocket.cpp
D:\c++\project\remote_ctl\remote_ctl\RemoteCtrl\RemoteCtrl\ServerSocket.h(16,19): warning C4267: “=”: 从“size_t”转换到“DWORD”，可能丢失数据
  (编译源文件“/ServerSocket.cpp”)
  
D:\c++\project\remote_ctl\remote_ctl\RemoteCtrl\RemoteCtrl\ServerSocket.h(207,60): warning C4267: “参数”: 从“size_t”转换到“int”，可能丢失数据
  (编译源文件“/ServerSocket.cpp”)
  
D:\c++\project\remote_ctl\remote_ctl\RemoteCtrl\RemoteCtrl\ServerSocket.h(228,32): warning C4267: “参数”: 从“size_t”转换到“int”，可能丢失数据
  (编译源文件“/ServerSocket.cpp”)
  
  正在生成代码...
  RemoteCtrl.vcxproj -> D:\c++\project\remote_ctl\remote_ctl\RemoteCtrl\x64\Debug\RemoteCtrl.exe
