  RemoteCtrl.cpp
D:\c++\project\remote_ctl\remote_ctl1\remote_ctl\remote_ctl\RemoteCtrl\RemoteCtrl\EdoyunTool.h(12,27): warning C4305: “参数”: 从“int”到“_Elem”截断
D:\c++\project\remote_ctl\remote_ctl1\remote_ctl\remote_ctl\RemoteCtrl\RemoteCtrl\EdoyunTool.h(12,27): warning C4305:         with
D:\c++\project\remote_ctl\remote_ctl1\remote_ctl\remote_ctl\RemoteCtrl\RemoteCtrl\EdoyunTool.h(12,27): warning C4305:         [
D:\c++\project\remote_ctl\remote_ctl1\remote_ctl\remote_ctl\RemoteCtrl\RemoteCtrl\EdoyunTool.h(12,27): warning C4305:             _Elem=char
D:\c++\project\remote_ctl\remote_ctl1\remote_ctl\remote_ctl\RemoteCtrl\RemoteCtrl\EdoyunTool.h(12,27): warning C4305:         ]
  (编译源文件“/RemoteCtrl.cpp”)
  
D:\c++\project\remote_ctl\remote_ctl1\remote_ctl\remote_ctl\RemoteCtrl\RemoteCtrl\EdoyunTool.h(12,27): warning C4309: “参数”: 截断常量值
  (编译源文件“/RemoteCtrl.cpp”)
  
D:\c++\project\remote_ctl\remote_ctl1\remote_ctl\remote_ctl\RemoteCtrl\RemoteCtrl\EdoyunThread.h(248,13): warning C4018: “<”: 有符号/无符号不匹配
  (编译源文件“/RemoteCtrl.cpp”)
  
D:\c++\project\remote_ctl\remote_ctl1\remote_ctl\remote_ctl\RemoteCtrl\RemoteCtrl\CEdoyunQueue.h(165,11): warning C4477: “printf”: 格式字符串“%08X”需要类型“unsigned int”的参数，但可变参数 1 拥有了类型“CEdoyunQueue<T>::IocpParam *”
D:\c++\project\remote_ctl\remote_ctl1\remote_ctl\remote_ctl\RemoteCtrl\RemoteCtrl\CEdoyunQueue.h(165,11): warning C4477:         with
D:\c++\project\remote_ctl\remote_ctl1\remote_ctl\remote_ctl\RemoteCtrl\RemoteCtrl\CEdoyunQueue.h(165,11): warning C4477:         [
D:\c++\project\remote_ctl\remote_ctl1\remote_ctl\remote_ctl\RemoteCtrl\RemoteCtrl\CEdoyunQueue.h(165,11): warning C4477:             T=std::vector<char,std::allocator<char>>
D:\c++\project\remote_ctl\remote_ctl1\remote_ctl\remote_ctl\RemoteCtrl\RemoteCtrl\CEdoyunQueue.h(165,11): warning C4477:         ]
  (编译源文件“/RemoteCtrl.cpp”)
      D:\c++\project\remote_ctl\remote_ctl1\remote_ctl\remote_ctl\RemoteCtrl\RemoteCtrl\CEdoyunQueue.h(165,11):
      模板实例化上下文(最早的实例化上下文)为
          D:\c++\project\remote_ctl\remote_ctl1\remote_ctl\remote_ctl\RemoteCtrl\RemoteCtrl\CEdoyunQueue.h(277,45):
          查看对正在编译的 类 模板 实例化“EdoyunSendQueue<std::vector<char,std::allocator<char>>>”的引用
          D:\c++\project\remote_ctl\remote_ctl1\remote_ctl\remote_ctl\RemoteCtrl\RemoteCtrl\CEdoyunQueue.h(184,31):
          查看对正在编译的 类 模板 实例化“CEdoyunQueue<T>”的引用
          with
          [
              T=std::vector<char,std::allocator<char>>
          ]
          D:\c++\project\remote_ctl\remote_ctl1\remote_ctl\remote_ctl\RemoteCtrl\RemoteCtrl\CEdoyunQueue.h(131,15):
          在编译 类 模板 成员函数“void CEdoyunQueue<T>::threadMain(void)”时
          with
          [
              T=std::vector<char,std::allocator<char>>
          ]
  
D:\c++\project\remote_ctl\remote_ctl1\remote_ctl\remote_ctl\RemoteCtrl\RemoteCtrl\CEdoyunQueue.h(167,11): warning C4477: “printf”: 格式字符串“%08X”需要类型“unsigned int”的参数，但可变参数 1 拥有了类型“CEdoyunQueue<T>::IocpParam *”
D:\c++\project\remote_ctl\remote_ctl1\remote_ctl\remote_ctl\RemoteCtrl\RemoteCtrl\CEdoyunQueue.h(167,11): warning C4477:         with
D:\c++\project\remote_ctl\remote_ctl1\remote_ctl\remote_ctl\RemoteCtrl\RemoteCtrl\CEdoyunQueue.h(167,11): warning C4477:         [
D:\c++\project\remote_ctl\remote_ctl1\remote_ctl\remote_ctl\RemoteCtrl\RemoteCtrl\CEdoyunQueue.h(167,11): warning C4477:             T=std::vector<char,std::allocator<char>>
D:\c++\project\remote_ctl\remote_ctl1\remote_ctl\remote_ctl\RemoteCtrl\RemoteCtrl\CEdoyunQueue.h(167,11): warning C4477:         ]
  (编译源文件“/RemoteCtrl.cpp”)
  
  RemoteCtrl.vcxproj -> D:\c++\project\remote_ctl\remote_ctl1\remote_ctl\remote_ctl\RemoteCtrl\Debug\RemoteCtrl.exe
